<?xml version="1.0" encoding="UTF-8"?>
<!-- Generated by org.testng.reporters.JUnitReportReporter -->
<testsuite name="RestAssured.RestAssured" tests="1" time="6.300" ignored="0" failures="0" timestamp="13 Jun 2020 17:40:31 GMT" skipped="0" hostname="KALYAN" errors="0">
  <testcase name="test_get" time="6.300" classname="RestAssured.RestAssured"/>
</testsuite> <!-- RestAssured.RestAssured -->
