<?xml version="1.0" encoding="UTF-8"?>
<!-- Generated by org.testng.reporters.JUnitReportReporter -->
<testsuite name="DataDrivenWithParameters.DataDriven" tests="1" time="4.592" ignored="0" failures="0" timestamp="14 Jun 2020 15:17:30 GMT" skipped="0" hostname="KALYAN" errors="0">
  <testcase name="test_delete1" time="4.592" classname="DataDrivenWithParameters.DataDriven"/>
</testsuite> <!-- DataDrivenWithParameters.DataDriven -->
